
*** Running vivado
    with args -log project_tsk2.vds -m64 -product Vivado -mode batch -messageDb vivado.pb -notrace -source project_tsk2.tcl


ECHO is off.
ECHO is off.

****** Vivado v2023.2 (64-bit)
  **** SW Build 4029153 on Fri Oct 13 20:14:34 MDT 2023
  **** IP Build 4028589 on Sat Oct 14 00:45:43 MDT 2023
  **** SharedData Build 4025554 on Tue Oct 10 17:18:54 MDT 2023
    ** Copyright 1986-2022 Xilinx, Inc. All Rights Reserved.
    ** Copyright 2022-2023 Advanced Micro Devices, Inc. All Rights Reserved.

source project_tsk2.tcl -notrace
Command: read_checkpoint -auto_incremental -incremental C:/Users/Asus/project_9/project_9.srcs/utils_1/imports/synth_1/project_tsk2.dcp
INFO: [Vivado 12-5825] Read reference checkpoint from C:/Users/Asus/project_9/project_9.srcs/utils_1/imports/synth_1/project_tsk2.dcp for incremental synthesis
INFO: [Vivado 12-7989] Please ensure there are no constraint changes
Command: synth_design -top project_tsk2 -part xc7k70tfbv676-1
Starting synth_design
Attempting to get a license for feature 'Synthesis' and/or device 'xc7k70t'
INFO: [Common 17-349] Got license for feature 'Synthesis' and/or device 'xc7k70t'
INFO: [Device 21-403] Loading part xc7k70tfbv676-1
INFO: [Designutils 20-5440] No compile time benefit to using incremental synthesis; A full resynthesis will be run
INFO: [Designutils 20-4379] Flow is switching to default flow due to incremental criteria not met. If you would like to alter this behaviour and have the flow terminate instead, please set the following parameter config_implementation {autoIncr.Synth.RejectBehavior Terminate}
INFO: [Synth 8-7079] Multithreading enabled for synth_design using a maximum of 2 processes.
INFO: [Synth 8-7078] Launching helper process for spawning children vivado processes
INFO: [Synth 8-7075] Helper process launched with PID 9388
---------------------------------------------------------------------------------
Starting RTL Elaboration : Time (s): cpu = 00:00:00 ; elapsed = 00:00:04 . Memory (MB): peak = 1309.715 ; gain = 440.359
---------------------------------------------------------------------------------
INFO: [Synth 8-6157] synthesizing module 'project_tsk2' [C:/Users/Asus/project_9/project_9.srcs/sources_1/new/project_tsk2_next.v:23]
INFO: [Synth 8-6155] done synthesizing module 'project_tsk2' (0#1) [C:/Users/Asus/project_9/project_9.srcs/sources_1/new/project_tsk2_next.v:23]
WARNING: [Synth 8-7137] Register o_mac_reg in module project_tsk2 has both Set and reset with same priority. This may cause simulation mismatches. Consider rewriting code  [C:/Users/Asus/project_9/project_9.srcs/sources_1/new/project_tsk2_next.v:45]
WARNING: [Synth 8-4767] Trying to implement RAM 'cache_reg' in registers. Block RAM or DRAM implementation is not possible; see log for reasons.
Reason is one or more of the following :
	1: RAM's read address port stuck at constant. 
	2: Unable to determine number of words or word size in RAM. 
	3: No valid read/write found for RAM. 
WARNING: [Synth 8-6014] Unused sequential element cache_reg[10] was removed. 
RAM "cache_reg" dissolved into registers
WARNING: [Synth 8-4767] Trying to implement RAM ' ' in registers. Block RAM or DRAM implementation is not possible; see log for reasons.
	1: Write port has constant address. 
	2: Unable to determine number of words or word size in RAM. 
	3: No valid read/write found for RAM. 
RAM dissolved into registers
WARNING: [Synth 8-4767] Trying to implement RAM ' ' in registers. Block RAM or DRAM implementation is not possible; see log for reasons.
	1: Write port has constant address. 
	2: Unable to determine number of words or word size in RAM. 
	3: No valid read/write found for RAM. 
RAM dissolved into registers
---------------------------------------------------------------------------------
Finished RTL Elaboration : Time (s): cpu = 00:00:01 ; elapsed = 00:00:06 . Memory (MB): peak = 1418.207 ; gain = 548.852
---------------------------------------------------------------------------------
---------------------------------------------------------------------------------
Start Handling Custom Attributes
---------------------------------------------------------------------------------
---------------------------------------------------------------------------------
Finished Handling Custom Attributes : Time (s): cpu = 00:00:01 ; elapsed = 00:00:06 . Memory (MB): peak = 1418.207 ; gain = 548.852
---------------------------------------------------------------------------------
---------------------------------------------------------------------------------
Finished RTL Optimization Phase 1 : Time (s): cpu = 00:00:01 ; elapsed = 00:00:06 . Memory (MB): peak = 1418.207 ; gain = 548.852
---------------------------------------------------------------------------------
Netlist sorting complete. Time (s): cpu = 00:00:00 ; elapsed = 00:00:00.005 . Memory (MB): peak = 1418.207 ; gain = 0.000
INFO: [Project 1-570] Preparing netlist for logic optimization

Processing XDC Constraints
Initializing timing engine
Parsing XDC File [C:/Users/Asus/project_9/project_9.srcs/constrs_1/new/clkk.xdc]
CRITICAL WARNING: [Designutils 20-1307] Command 'set_max_transition' is not supported in the xdc constraint file. [C:/Users/Asus/project_9/project_9.srcs/constrs_1/new/clkk.xdc:16]
CRITICAL WARNING: [Designutils 20-1307] Command 'all_ports' is not supported in the xdc constraint file. [C:/Users/Asus/project_9/project_9.srcs/constrs_1/new/clkk.xdc:16]
Finished Parsing XDC File [C:/Users/Asus/project_9/project_9.srcs/constrs_1/new/clkk.xdc]
INFO: [Project 1-236] Implementation specific constraints were found while reading constraint file [C:/Users/Asus/project_9/project_9.srcs/constrs_1/new/clkk.xdc]. These constraints will be ignored for synthesis but will be used in implementation. Impacted constraints are listed in the file [.Xil/project_tsk2_propImpl.xdc].
Resolution: To avoid this warning, move constraints listed in [.Xil/project_tsk2_propImpl.xdc] to another XDC file and exclude this new file from synthesis with the used_in_synthesis property (File Properties dialog in GUI) and re-run elaboration/synthesis.
Completed Processing XDC Constraints

Netlist sorting complete. Time (s): cpu = 00:00:00 ; elapsed = 00:00:00 . Memory (MB): peak = 1439.227 ; gain = 0.000
INFO: [Project 1-111] Unisim Transformation Summary:
No Unisim elements were transformed.

The system cannot find the path specified.
Constraint Validation Runtime : Time (s): cpu = 00:00:00 ; elapsed = 00:00:00.003 . Memory (MB): peak = 1439.227 ; gain = 0.000
INFO: [Designutils 20-5440] No compile time benefit to using incremental synthesis; A full resynthesis will be run
INFO: [Designutils 20-4379] Flow is switching to default flow due to incremental criteria not met. If you would like to alter this behaviour and have the flow terminate instead, please set the following parameter config_implementation {autoIncr.Synth.RejectBehavior Terminate}
---------------------------------------------------------------------------------
Finished Constraint Validation : Time (s): cpu = 00:00:01 ; elapsed = 00:00:16 . Memory (MB): peak = 1439.227 ; gain = 569.871
---------------------------------------------------------------------------------
---------------------------------------------------------------------------------
Start Loading Part and Timing Information
---------------------------------------------------------------------------------
Loading part: xc7k70tfbv676-1
---------------------------------------------------------------------------------
Finished Loading Part and Timing Information : Time (s): cpu = 00:00:01 ; elapsed = 00:00:16 . Memory (MB): peak = 1439.227 ; gain = 569.871
---------------------------------------------------------------------------------
---------------------------------------------------------------------------------
Start Applying 'set_property' XDC Constraints
---------------------------------------------------------------------------------
---------------------------------------------------------------------------------
Finished applying 'set_property' XDC Constraints : Time (s): cpu = 00:00:01 ; elapsed = 00:00:16 . Memory (MB): peak = 1439.227 ; gain = 569.871
---------------------------------------------------------------------------------
---------------------------------------------------------------------------------
Finished RTL Optimization Phase 2 : Time (s): cpu = 00:00:01 ; elapsed = 00:00:16 . Memory (MB): peak = 1439.227 ; gain = 569.871
---------------------------------------------------------------------------------
---------------------------------------------------------------------------------
Start RTL Component Statistics 
---------------------------------------------------------------------------------
Detailed RTL Component Info : 
+---Adders : 
	   9 Input   19 Bit       Adders := 1     
	   2 Input    4 Bit       Adders := 1     
+---Registers : 
	               19 Bit    Registers := 11    
	                4 Bit    Registers := 2     
	                1 Bit    Registers := 1     
+---Muxes : 
	   3 Input  190 Bit        Muxes := 9     
	   3 Input    4 Bit        Muxes := 10    
	   3 Input    1 Bit        Muxes := 2     
	   2 Input    1 Bit        Muxes := 10    
---------------------------------------------------------------------------------
Finished RTL Component Statistics 
---------------------------------------------------------------------------------
---------------------------------------------------------------------------------
Start Part Resource Summary
---------------------------------------------------------------------------------
Part Resources:
DSPs: 240 (col length:80)
BRAMs: 270 (col length: RAMB18 80 RAMB36 40)
---------------------------------------------------------------------------------
Finished Part Resource Summary
---------------------------------------------------------------------------------
---------------------------------------------------------------------------------
Start Cross Boundary and Area Optimization
---------------------------------------------------------------------------------
WARNING: [Synth 8-7080] Parallel synthesis criteria is not met
---------------------------------------------------------------------------------
Finished Cross Boundary and Area Optimization : Time (s): cpu = 00:00:02 ; elapsed = 00:00:18 . Memory (MB): peak = 1439.227 ; gain = 569.871
---------------------------------------------------------------------------------
---------------------------------------------------------------------------------
Start Applying XDC Timing Constraints
---------------------------------------------------------------------------------
---------------------------------------------------------------------------------
Finished Applying XDC Timing Constraints : Time (s): cpu = 00:00:02 ; elapsed = 00:00:22 . Memory (MB): peak = 1439.227 ; gain = 569.871
---------------------------------------------------------------------------------
---------------------------------------------------------------------------------
Start Timing Optimization
---------------------------------------------------------------------------------
---------------------------------------------------------------------------------
Finished Timing Optimization : Time (s): cpu = 00:00:02 ; elapsed = 00:00:22 . Memory (MB): peak = 1439.227 ; gain = 569.871
---------------------------------------------------------------------------------
---------------------------------------------------------------------------------
Start Technology Mapping
---------------------------------------------------------------------------------
---------------------------------------------------------------------------------
Finished Technology Mapping : Time (s): cpu = 00:00:02 ; elapsed = 00:00:23 . Memory (MB): peak = 1439.227 ; gain = 569.871
---------------------------------------------------------------------------------
---------------------------------------------------------------------------------
Start IO Insertion
---------------------------------------------------------------------------------
---------------------------------------------------------------------------------
Start Flattening Before IO Insertion
---------------------------------------------------------------------------------
---------------------------------------------------------------------------------
Finished Flattening Before IO Insertion
---------------------------------------------------------------------------------
---------------------------------------------------------------------------------
Start Final Netlist Cleanup
---------------------------------------------------------------------------------
---------------------------------------------------------------------------------
Finished Final Netlist Cleanup
---------------------------------------------------------------------------------
---------------------------------------------------------------------------------
Finished IO Insertion : Time (s): cpu = 00:00:02 ; elapsed = 00:00:26 . Memory (MB): peak = 1439.227 ; gain = 569.871
---------------------------------------------------------------------------------
---------------------------------------------------------------------------------
Start Renaming Generated Instances
---------------------------------------------------------------------------------
---------------------------------------------------------------------------------
Finished Renaming Generated Instances : Time (s): cpu = 00:00:02 ; elapsed = 00:00:26 . Memory (MB): peak = 1439.227 ; gain = 569.871
---------------------------------------------------------------------------------
---------------------------------------------------------------------------------
Start Rebuilding User Hierarchy
---------------------------------------------------------------------------------
---------------------------------------------------------------------------------
Finished Rebuilding User Hierarchy : Time (s): cpu = 00:00:02 ; elapsed = 00:00:26 . Memory (MB): peak = 1439.227 ; gain = 569.871
---------------------------------------------------------------------------------
---------------------------------------------------------------------------------
Start Renaming Generated Ports
---------------------------------------------------------------------------------
---------------------------------------------------------------------------------
Finished Renaming Generated Ports : Time (s): cpu = 00:00:02 ; elapsed = 00:00:26 . Memory (MB): peak = 1439.227 ; gain = 569.871
---------------------------------------------------------------------------------
---------------------------------------------------------------------------------
Start Handling Custom Attributes
---------------------------------------------------------------------------------
---------------------------------------------------------------------------------
Finished Handling Custom Attributes : Time (s): cpu = 00:00:02 ; elapsed = 00:00:26 . Memory (MB): peak = 1439.227 ; gain = 569.871
---------------------------------------------------------------------------------
---------------------------------------------------------------------------------
Start Renaming Generated Nets
---------------------------------------------------------------------------------
---------------------------------------------------------------------------------
Finished Renaming Generated Nets : Time (s): cpu = 00:00:02 ; elapsed = 00:00:26 . Memory (MB): peak = 1439.227 ; gain = 569.871
---------------------------------------------------------------------------------
---------------------------------------------------------------------------------
Start Writing Synthesis Report
---------------------------------------------------------------------------------

Report BlackBoxes: 
+-+--------------+----------+
| |BlackBox name |Instances |
+-+--------------+----------+
+-+--------------+----------+

Report Cell Usage: 
+------+-------+------+
|      |Cell   |Count |
+------+-------+------+
|1     |BUFG   |     2|
|2     |CARRY4 |    32|
|3     |LUT1   |     2|
|4     |LUT2   |    24|
|5     |LUT3   |    76|
|6     |LUT4   |   109|
|7     |LUT5   |     6|
|8     |LUT6   |    27|
|9     |FDCE   |     3|
|10    |FDPE   |     1|
|11    |FDRE   |   186|
|12    |FDSE   |     1|
|13    |IBUF   |    19|
|14    |OBUF   |    20|
+------+-------+------+
---------------------------------------------------------------------------------
Finished Writing Synthesis Report : Time (s): cpu = 00:00:02 ; elapsed = 00:00:26 . Memory (MB): peak = 1439.227 ; gain = 569.871
---------------------------------------------------------------------------------
Synthesis finished with 0 errors, 0 critical warnings and 1 warnings.
Synthesis Optimization Runtime : Time (s): cpu = 00:00:01 ; elapsed = 00:00:25 . Memory (MB): peak = 1439.227 ; gain = 548.852
Synthesis Optimization Complete : Time (s): cpu = 00:00:02 ; elapsed = 00:00:26 . Memory (MB): peak = 1439.227 ; gain = 569.871
INFO: [Project 1-571] Translating synthesized netlist
Netlist sorting complete. Time (s): cpu = 00:00:00 ; elapsed = 00:00:00.004 . Memory (MB): peak = 1446.023 ; gain = 0.000
INFO: [Netlist 29-17] Analyzing 32 Unisim elements for replacement
INFO: [Netlist 29-28] Unisim Transformation completed in 0 CPU seconds
INFO: [Project 1-570] Preparing netlist for logic optimization
INFO: [Opt 31-138] Pushed 0 inverter(s) to 0 load pin(s).
Netlist sorting complete. Time (s): cpu = 00:00:00 ; elapsed = 00:00:00 . Memory (MB): peak = 1451.680 ; gain = 0.000
INFO: [Project 1-111] Unisim Transformation Summary:
No Unisim elements were transformed.

The system cannot find the path specified.
Synth Design complete | Checksum: 40dd9f5f
INFO: [Common 17-83] Releasing license: Synthesis
23 Infos, 6 Warnings, 2 Critical Warnings and 0 Errors encountered.
synth_design completed successfully
synth_design: Time (s): cpu = 00:00:03 ; elapsed = 00:00:31 . Memory (MB): peak = 1451.680 ; gain = 974.195
INFO: [runtcl-6] Synthesis results are not added to the cache due to CRITICAL_WARNING
Write ShapeDB Complete: Time (s): cpu = 00:00:00 ; elapsed = 00:00:00.002 . Memory (MB): peak = 1451.680 ; gain = 0.000
INFO: [Common 17-1381] The checkpoint 'C:/Users/Asus/project_9/project_9.runs/synth_1/project_tsk2.dcp' has been generated.
INFO: [runtcl-4] Executing : report_utilization -file project_tsk2_utilization_synth.rpt -pb project_tsk2_utilization_synth.pb
INFO: [Common 17-206] Exiting Vivado at Sat Jan 20 22:32:13 2024...
